0 info it worked if it ends with ok
1 verbose cli [ 'C:\\Program Files\\nodejs\\node.exe',
1 verbose cli   'C:\\Program Files\\nodejs\\node_modules\\npm\\bin\\npm-cli.js',
1 verbose cli   'link' ]
2 info using npm@3.10.8
3 info using node@v6.9.1
4 verbose linkPkg C:\Users\keff\Desktop\cosas\Dev\RobotUnion\ralf-dev\robot-js-sdk
5 silly gentlyRm C:\Users\keff\AppData\Roaming\npm\node_modules\robot-js-sdk is being purged
6 verbose gentlyRm don't care about contents; nuking C:\Users\keff\AppData\Roaming\npm\node_modules\robot-js-sdk
7 silly vacuum-fs purging C:\Users\keff\AppData\Roaming\npm\node_modules\robot-js-sdk
8 silly vacuum-fs quitting because other entries in C:\Users\keff\AppData\Roaming\npm\node_modules
9 verbose link build target C:\Users\keff\AppData\Roaming\npm\node_modules\robot-js-sdk
10 silly loadCurrentTree Starting
11 silly install loadCurrentTree
12 silly install readLocalPackageData
13 silly install normalizeTree
14 silly loadCurrentTree Finishing
15 silly loadIdealTree Starting
16 silly install loadIdealTree
17 silly cloneCurrentTree Starting
18 silly install cloneCurrentTreeToIdealTree
19 silly cloneCurrentTree Finishing
20 silly loadShrinkwrap Starting
21 silly install loadShrinkwrap
22 silly loadShrinkwrap Finishing
23 silly loadAllDepsIntoIdealTree Starting
24 silly install loadAllDepsIntoIdealTree
25 silly fetchNamedPackageData ansi-regex
26 silly mapToRegistry name ansi-regex
27 silly mapToRegistry using default registry
28 silly mapToRegistry registry https://registry.npmjs.org/
29 silly mapToRegistry data Result {
29 silly mapToRegistry   raw: 'ansi-regex',
29 silly mapToRegistry   scope: null,
29 silly mapToRegistry   escapedName: 'ansi-regex',
29 silly mapToRegistry   name: 'ansi-regex',
29 silly mapToRegistry   rawSpec: '',
29 silly mapToRegistry   spec: 'latest',
29 silly mapToRegistry   type: 'tag' }
30 silly mapToRegistry uri https://registry.npmjs.org/ansi-regex
31 silly fetchNamedPackageData d
32 silly mapToRegistry name d
33 silly mapToRegistry using default registry
34 silly mapToRegistry registry https://registry.npmjs.org/
35 silly mapToRegistry data Result {
35 silly mapToRegistry   raw: 'd',
35 silly mapToRegistry   scope: null,
35 silly mapToRegistry   escapedName: 'd',
35 silly mapToRegistry   name: 'd',
35 silly mapToRegistry   rawSpec: '',
35 silly mapToRegistry   spec: 'latest',
35 silly mapToRegistry   type: 'tag' }
36 silly mapToRegistry uri https://registry.npmjs.org/d
37 silly fetchNamedPackageData es5-ext
38 silly mapToRegistry name es5-ext
39 silly mapToRegistry using default registry
40 silly mapToRegistry registry https://registry.npmjs.org/
41 silly mapToRegistry data Result {
41 silly mapToRegistry   raw: 'es5-ext',
41 silly mapToRegistry   scope: null,
41 silly mapToRegistry   escapedName: 'es5-ext',
41 silly mapToRegistry   name: 'es5-ext',
41 silly mapToRegistry   rawSpec: '',
41 silly mapToRegistry   spec: 'latest',
41 silly mapToRegistry   type: 'tag' }
42 silly mapToRegistry uri https://registry.npmjs.org/es5-ext
43 silly fetchNamedPackageData es6-iterator
44 silly mapToRegistry name es6-iterator
45 silly mapToRegistry using default registry
46 silly mapToRegistry registry https://registry.npmjs.org/
47 silly mapToRegistry data Result {
47 silly mapToRegistry   raw: 'es6-iterator',
47 silly mapToRegistry   scope: null,
47 silly mapToRegistry   escapedName: 'es6-iterator',
47 silly mapToRegistry   name: 'es6-iterator',
47 silly mapToRegistry   rawSpec: '',
47 silly mapToRegistry   spec: 'latest',
47 silly mapToRegistry   type: 'tag' }
48 silly mapToRegistry uri https://registry.npmjs.org/es6-iterator
49 silly fetchNamedPackageData memoizee
50 silly mapToRegistry name memoizee
51 silly mapToRegistry using default registry
52 silly mapToRegistry registry https://registry.npmjs.org/
53 silly mapToRegistry data Result {
53 silly mapToRegistry   raw: 'memoizee',
53 silly mapToRegistry   scope: null,
53 silly mapToRegistry   escapedName: 'memoizee',
53 silly mapToRegistry   name: 'memoizee',
53 silly mapToRegistry   rawSpec: '',
53 silly mapToRegistry   spec: 'latest',
53 silly mapToRegistry   type: 'tag' }
54 silly mapToRegistry uri https://registry.npmjs.org/memoizee
55 silly fetchNamedPackageData timers-ext
56 silly mapToRegistry name timers-ext
57 silly mapToRegistry using default registry
58 silly mapToRegistry registry https://registry.npmjs.org/
59 silly mapToRegistry data Result {
59 silly mapToRegistry   raw: 'timers-ext',
59 silly mapToRegistry   scope: null,
59 silly mapToRegistry   escapedName: 'timers-ext',
59 silly mapToRegistry   name: 'timers-ext',
59 silly mapToRegistry   rawSpec: '',
59 silly mapToRegistry   spec: 'latest',
59 silly mapToRegistry   type: 'tag' }
60 silly mapToRegistry uri https://registry.npmjs.org/timers-ext
61 verbose request uri https://registry.npmjs.org/ansi-regex
62 verbose request no auth needed
63 info attempt registry request try #1 at 22:25:06
64 verbose request id d11c14ddef286870
65 verbose etag W/"58d490a3-3461"
66 verbose lastModified Fri, 24 Mar 2017 03:21:07 GMT
67 http request GET https://registry.npmjs.org/ansi-regex
68 verbose request uri https://registry.npmjs.org/d
69 verbose request no auth needed
70 info attempt registry request try #1 at 22:25:06
71 verbose etag W/"581204dc-1ac1"
72 verbose lastModified Thu, 27 Oct 2016 13:45:00 GMT
73 http request GET https://registry.npmjs.org/d
74 verbose request uri https://registry.npmjs.org/es6-iterator
75 verbose request no auth needed
76 info attempt registry request try #1 at 22:25:06
77 verbose etag W/"58c955f4-3dd3"
78 verbose lastModified Wed, 15 Mar 2017 14:55:48 GMT
79 http request GET https://registry.npmjs.org/es6-iterator
80 info retry will retry, error on last attempt: Error: getaddrinfo ENOTFOUND registry.npmjs.org registry.npmjs.org:443
81 info retry will retry, error on last attempt: Error: getaddrinfo ENOTFOUND registry.npmjs.org registry.npmjs.org:443
82 info retry will retry, error on last attempt: Error: getaddrinfo ENOTFOUND registry.npmjs.org registry.npmjs.org:443
83 verbose request uri https://registry.npmjs.org/memoizee
84 verbose request no auth needed
85 info attempt registry request try #1 at 22:25:06
86 verbose etag W/"58c8f3ca-c6d4"
87 verbose lastModified Wed, 15 Mar 2017 07:56:58 GMT
88 http request GET https://registry.npmjs.org/memoizee
89 verbose request uri https://registry.npmjs.org/timers-ext
90 verbose request no auth needed
91 info attempt registry request try #1 at 22:25:06
92 verbose etag W/"58e24ad9-1dea"
93 verbose lastModified Mon, 03 Apr 2017 13:15:05 GMT
94 http request GET https://registry.npmjs.org/timers-ext
95 info retry will retry, error on last attempt: Error: getaddrinfo ENOTFOUND registry.npmjs.org registry.npmjs.org:443
96 info retry will retry, error on last attempt: Error: getaddrinfo ENOTFOUND registry.npmjs.org registry.npmjs.org:443
97 verbose request uri https://registry.npmjs.org/es5-ext
98 verbose request no auth needed
99 info attempt registry request try #1 at 22:25:06
100 verbose etag W/"58d0048c-13e38"
101 verbose lastModified Mon, 20 Mar 2017 16:34:20 GMT
102 http request GET https://registry.npmjs.org/es5-ext
103 info retry will retry, error on last attempt: Error: getaddrinfo ENOTFOUND registry.npmjs.org registry.npmjs.org:443
104 info attempt registry request try #2 at 22:25:16
105 verbose etag W/"58d490a3-3461"
106 verbose lastModified Fri, 24 Mar 2017 03:21:07 GMT
107 http request GET https://registry.npmjs.org/ansi-regex
108 info retry will retry, error on last attempt: Error: getaddrinfo ENOTFOUND registry.npmjs.org registry.npmjs.org:443
109 info attempt registry request try #2 at 22:25:16
110 verbose etag W/"581204dc-1ac1"
111 verbose lastModified Thu, 27 Oct 2016 13:45:00 GMT
112 http request GET https://registry.npmjs.org/d
113 info attempt registry request try #2 at 22:25:16
114 verbose etag W/"58c955f4-3dd3"
115 verbose lastModified Wed, 15 Mar 2017 14:55:48 GMT
116 http request GET https://registry.npmjs.org/es6-iterator
117 info retry will retry, error on last attempt: Error: getaddrinfo ENOTFOUND registry.npmjs.org registry.npmjs.org:443
118 info retry will retry, error on last attempt: Error: getaddrinfo ENOTFOUND registry.npmjs.org registry.npmjs.org:443
119 info attempt registry request try #2 at 22:25:16
120 verbose etag W/"58c8f3ca-c6d4"
121 verbose lastModified Wed, 15 Mar 2017 07:56:58 GMT
122 http request GET https://registry.npmjs.org/memoizee
123 info attempt registry request try #2 at 22:25:16
124 verbose etag W/"58e24ad9-1dea"
125 verbose lastModified Mon, 03 Apr 2017 13:15:05 GMT
126 http request GET https://registry.npmjs.org/timers-ext
127 info retry will retry, error on last attempt: Error: getaddrinfo ENOTFOUND registry.npmjs.org registry.npmjs.org:443
128 info retry will retry, error on last attempt: Error: getaddrinfo ENOTFOUND registry.npmjs.org registry.npmjs.org:443
129 info attempt registry request try #2 at 22:25:16
130 verbose etag W/"58d0048c-13e38"
131 verbose lastModified Mon, 20 Mar 2017 16:34:20 GMT
132 http request GET https://registry.npmjs.org/es5-ext
133 info retry will retry, error on last attempt: Error: getaddrinfo ENOTFOUND registry.npmjs.org registry.npmjs.org:443
134 info attempt registry request try #3 at 22:26:16
135 verbose etag W/"58d490a3-3461"
136 verbose lastModified Fri, 24 Mar 2017 03:21:07 GMT
137 http request GET https://registry.npmjs.org/ansi-regex
138 silly get cb [ 304, undefined ]
139 verbose etag https://registry.npmjs.org/ansi-regex from cache
140 verbose get saving ansi-regex to C:\Users\keff\AppData\Roaming\npm-cache\registry.npmjs.org\ansi-regex\.cache.json
141 verbose correctMkdir C:\Users\keff\AppData\Roaming\npm-cache correctMkdir not in flight; initializing
142 info attempt registry request try #3 at 22:26:16
143 verbose etag W/"581204dc-1ac1"
144 verbose lastModified Thu, 27 Oct 2016 13:45:00 GMT
145 http request GET https://registry.npmjs.org/d
146 info attempt registry request try #3 at 22:26:16
147 verbose etag W/"58c955f4-3dd3"
148 verbose lastModified Wed, 15 Mar 2017 14:55:48 GMT
149 http request GET https://registry.npmjs.org/es6-iterator
150 silly get cb [ 304, undefined ]
151 verbose etag https://registry.npmjs.org/d from cache
152 verbose get saving d to C:\Users\keff\AppData\Roaming\npm-cache\registry.npmjs.org\d\.cache.json
153 verbose correctMkdir C:\Users\keff\AppData\Roaming\npm-cache correctMkdir not in flight; initializing
154 silly get cb [ 304, undefined ]
155 verbose etag https://registry.npmjs.org/es6-iterator from cache
156 verbose get saving es6-iterator to C:\Users\keff\AppData\Roaming\npm-cache\registry.npmjs.org\es6-iterator\.cache.json
157 verbose correctMkdir C:\Users\keff\AppData\Roaming\npm-cache correctMkdir not in flight; initializing
158 info attempt registry request try #3 at 22:26:16
159 verbose etag W/"58c8f3ca-c6d4"
160 verbose lastModified Wed, 15 Mar 2017 07:56:58 GMT
161 http request GET https://registry.npmjs.org/memoizee
162 info attempt registry request try #3 at 22:26:16
163 verbose etag W/"58e24ad9-1dea"
164 verbose lastModified Mon, 03 Apr 2017 13:15:05 GMT
165 http request GET https://registry.npmjs.org/timers-ext
166 silly get cb [ 304, undefined ]
167 verbose etag https://registry.npmjs.org/memoizee from cache
168 verbose get saving memoizee to C:\Users\keff\AppData\Roaming\npm-cache\registry.npmjs.org\memoizee\.cache.json
169 verbose correctMkdir C:\Users\keff\AppData\Roaming\npm-cache correctMkdir not in flight; initializing
170 silly get cb [ 304, undefined ]
171 verbose etag https://registry.npmjs.org/timers-ext from cache
172 verbose get saving timers-ext to C:\Users\keff\AppData\Roaming\npm-cache\registry.npmjs.org\timers-ext\.cache.json
173 verbose correctMkdir C:\Users\keff\AppData\Roaming\npm-cache correctMkdir not in flight; initializing
174 info attempt registry request try #3 at 22:26:16
175 verbose etag W/"58d0048c-13e38"
176 verbose lastModified Mon, 20 Mar 2017 16:34:20 GMT
177 http request GET https://registry.npmjs.org/es5-ext
178 silly get cb [ 304, undefined ]
179 verbose etag https://registry.npmjs.org/es5-ext from cache
180 verbose get saving es5-ext to C:\Users\keff\AppData\Roaming\npm-cache\registry.npmjs.org\es5-ext\.cache.json
181 verbose correctMkdir C:\Users\keff\AppData\Roaming\npm-cache correctMkdir not in flight; initializing
182 silly resolveWithNewModule d@0.1.1 checking installable status
183 silly cache add args [ 'd@^0.1.1', null ]
184 verbose cache add spec d@^0.1.1
185 silly cache add parsed spec Result {
185 silly cache add   raw: 'd@^0.1.1',
185 silly cache add   scope: null,
185 silly cache add   escapedName: 'd',
185 silly cache add   name: 'd',
185 silly cache add   rawSpec: '^0.1.1',
185 silly cache add   spec: '>=0.1.1 <0.2.0',
185 silly cache add   type: 'range' }
186 silly addNamed d@>=0.1.1 <0.2.0
187 verbose addNamed ">=0.1.1 <0.2.0" is a valid semver range for d
188 silly addNameRange { name: 'd', range: '>=0.1.1 <0.2.0', hasData: false }
189 silly mapToRegistry name d
190 silly mapToRegistry using default registry
191 silly mapToRegistry registry https://registry.npmjs.org/
192 silly mapToRegistry data Result {
192 silly mapToRegistry   raw: 'd',
192 silly mapToRegistry   scope: null,
192 silly mapToRegistry   escapedName: 'd',
192 silly mapToRegistry   name: 'd',
192 silly mapToRegistry   rawSpec: '',
192 silly mapToRegistry   spec: 'latest',
192 silly mapToRegistry   type: 'tag' }
193 silly mapToRegistry uri https://registry.npmjs.org/d
194 verbose addNameRange registry:https://registry.npmjs.org/d not in flight; fetching
195 silly resolveWithNewModule es6-iterator@2.0.1 checking installable status
196 silly cache add args [ 'es6-iterator@2', null ]
197 verbose cache add spec es6-iterator@2
198 silly cache add parsed spec Result {
198 silly cache add   raw: 'es6-iterator@2',
198 silly cache add   scope: null,
198 silly cache add   escapedName: 'es6-iterator',
198 silly cache add   name: 'es6-iterator',
198 silly cache add   rawSpec: '2',
198 silly cache add   spec: '>=2.0.0 <3.0.0',
198 silly cache add   type: 'range' }
199 silly addNamed es6-iterator@>=2.0.0 <3.0.0
200 verbose addNamed ">=2.0.0 <3.0.0" is a valid semver range for es6-iterator
201 silly addNameRange { name: 'es6-iterator', range: '>=2.0.0 <3.0.0', hasData: false }
202 silly mapToRegistry name es6-iterator
203 silly mapToRegistry using default registry
204 silly mapToRegistry registry https://registry.npmjs.org/
205 silly mapToRegistry data Result {
205 silly mapToRegistry   raw: 'es6-iterator',
205 silly mapToRegistry   scope: null,
205 silly mapToRegistry   escapedName: 'es6-iterator',
205 silly mapToRegistry   name: 'es6-iterator',
205 silly mapToRegistry   rawSpec: '',
205 silly mapToRegistry   spec: 'latest',
205 silly mapToRegistry   type: 'tag' }
206 silly mapToRegistry uri https://registry.npmjs.org/es6-iterator
207 verbose addNameRange registry:https://registry.npmjs.org/es6-iterator not in flight; fetching
208 silly resolveWithNewModule ansi-regex@2.1.1 checking installable status
209 silly cache add args [ 'ansi-regex@2', null ]
210 verbose cache add spec ansi-regex@2
211 silly cache add parsed spec Result {
211 silly cache add   raw: 'ansi-regex@2',
211 silly cache add   scope: null,
211 silly cache add   escapedName: 'ansi-regex',
211 silly cache add   name: 'ansi-regex',
211 silly cache add   rawSpec: '2',
211 silly cache add   spec: '>=2.0.0 <3.0.0',
211 silly cache add   type: 'range' }
212 silly addNamed ansi-regex@>=2.0.0 <3.0.0
213 verbose addNamed ">=2.0.0 <3.0.0" is a valid semver range for ansi-regex
214 silly addNameRange { name: 'ansi-regex', range: '>=2.0.0 <3.0.0', hasData: false }
215 silly mapToRegistry name ansi-regex
216 silly mapToRegistry using default registry
217 silly mapToRegistry registry https://registry.npmjs.org/
218 silly mapToRegistry data Result {
218 silly mapToRegistry   raw: 'ansi-regex',
218 silly mapToRegistry   scope: null,
218 silly mapToRegistry   escapedName: 'ansi-regex',
218 silly mapToRegistry   name: 'ansi-regex',
218 silly mapToRegistry   rawSpec: '',
218 silly mapToRegistry   spec: 'latest',
218 silly mapToRegistry   type: 'tag' }
219 silly mapToRegistry uri https://registry.npmjs.org/ansi-regex
220 verbose addNameRange registry:https://registry.npmjs.org/ansi-regex not in flight; fetching
221 silly resolveWithNewModule timers-ext@0.1.2 checking installable status
222 silly cache add args [ 'timers-ext@0.1', null ]
223 verbose cache add spec timers-ext@0.1
224 silly cache add parsed spec Result {
224 silly cache add   raw: 'timers-ext@0.1',
224 silly cache add   scope: null,
224 silly cache add   escapedName: 'timers-ext',
224 silly cache add   name: 'timers-ext',
224 silly cache add   rawSpec: '0.1',
224 silly cache add   spec: '>=0.1.0 <0.2.0',
224 silly cache add   type: 'range' }
225 silly addNamed timers-ext@>=0.1.0 <0.2.0
226 verbose addNamed ">=0.1.0 <0.2.0" is a valid semver range for timers-ext
227 silly addNameRange { name: 'timers-ext', range: '>=0.1.0 <0.2.0', hasData: false }
228 silly mapToRegistry name timers-ext
229 silly mapToRegistry using default registry
230 silly mapToRegistry registry https://registry.npmjs.org/
231 silly mapToRegistry data Result {
231 silly mapToRegistry   raw: 'timers-ext',
231 silly mapToRegistry   scope: null,
231 silly mapToRegistry   escapedName: 'timers-ext',
231 silly mapToRegistry   name: 'timers-ext',
231 silly mapToRegistry   rawSpec: '',
231 silly mapToRegistry   spec: 'latest',
231 silly mapToRegistry   type: 'tag' }
232 silly mapToRegistry uri https://registry.npmjs.org/timers-ext
233 verbose addNameRange registry:https://registry.npmjs.org/timers-ext not in flight; fetching
234 silly resolveWithNewModule memoizee@0.3.10 checking installable status
235 silly cache add args [ 'memoizee@^0.3.9', null ]
236 verbose cache add spec memoizee@^0.3.9
237 silly cache add parsed spec Result {
237 silly cache add   raw: 'memoizee@^0.3.9',
237 silly cache add   scope: null,
237 silly cache add   escapedName: 'memoizee',
237 silly cache add   name: 'memoizee',
237 silly cache add   rawSpec: '^0.3.9',
237 silly cache add   spec: '>=0.3.9 <0.4.0',
237 silly cache add   type: 'range' }
238 silly addNamed memoizee@>=0.3.9 <0.4.0
239 verbose addNamed ">=0.3.9 <0.4.0" is a valid semver range for memoizee
240 silly addNameRange { name: 'memoizee', range: '>=0.3.9 <0.4.0', hasData: false }
241 silly mapToRegistry name memoizee
242 silly mapToRegistry using default registry
243 silly mapToRegistry registry https://registry.npmjs.org/
244 silly mapToRegistry data Result {
244 silly mapToRegistry   raw: 'memoizee',
244 silly mapToRegistry   scope: null,
244 silly mapToRegistry   escapedName: 'memoizee',
244 silly mapToRegistry   name: 'memoizee',
244 silly mapToRegistry   rawSpec: '',
244 silly mapToRegistry   spec: 'latest',
244 silly mapToRegistry   type: 'tag' }
245 silly mapToRegistry uri https://registry.npmjs.org/memoizee
246 verbose addNameRange registry:https://registry.npmjs.org/memoizee not in flight; fetching
247 verbose get https://registry.npmjs.org/d not expired, no request
248 silly addNameRange number 2 { name: 'd', range: '>=0.1.1 <0.2.0', hasData: true }
249 silly addNameRange versions [ 'd', [ '0.1.0', '0.1.1', '1.0.0' ] ]
250 silly addNamed d@0.1.1
251 verbose addNamed "0.1.1" is a plain semver version for d
252 verbose get https://registry.npmjs.org/ansi-regex not expired, no request
253 silly addNameRange number 2 { name: 'ansi-regex', range: '>=2.0.0 <3.0.0', hasData: true }
254 silly addNameRange versions [ 'ansi-regex',
254 silly addNameRange   [ '0.1.0',
254 silly addNameRange     '0.2.0',
254 silly addNameRange     '0.2.1',
254 silly addNameRange     '1.0.0',
254 silly addNameRange     '1.1.0',
254 silly addNameRange     '1.1.1',
254 silly addNameRange     '2.0.0',
254 silly addNameRange     '2.1.1' ] ]
255 silly addNamed ansi-regex@2.1.1
256 verbose addNamed "2.1.1" is a plain semver version for ansi-regex
257 verbose get https://registry.npmjs.org/es6-iterator not expired, no request
258 silly addNameRange number 2 { name: 'es6-iterator', range: '>=2.0.0 <3.0.0', hasData: true }
259 silly addNameRange versions [ 'es6-iterator',
259 silly addNameRange   [ '0.0.0',
259 silly addNameRange     '0.1.0',
259 silly addNameRange     '0.1.1',
259 silly addNameRange     '0.1.2',
259 silly addNameRange     '0.1.3',
259 silly addNameRange     '1.0.0',
259 silly addNameRange     '2.0.0',
259 silly addNameRange     '2.0.1' ] ]
260 silly addNamed es6-iterator@2.0.1
261 verbose addNamed "2.0.1" is a plain semver version for es6-iterator
262 verbose get https://registry.npmjs.org/memoizee not expired, no request
263 silly addNameRange number 2 { name: 'memoizee', range: '>=0.3.9 <0.4.0', hasData: true }
264 silly addNameRange versions [ 'memoizee',
264 silly addNameRange   [ '0.1.0',
264 silly addNameRange     '0.1.1',
264 silly addNameRange     '0.2.0',
264 silly addNameRange     '0.2.1',
264 silly addNameRange     '0.2.2',
264 silly addNameRange     '0.2.3',
264 silly addNameRange     '0.2.4',
264 silly addNameRange     '0.2.5',
264 silly addNameRange     '0.2.6',
264 silly addNameRange     '0.3.0',
264 silly addNameRange     '0.3.1',
264 silly addNameRange     '0.3.2',
264 silly addNameRange     '0.3.3',
264 silly addNameRange     '0.3.4',
264 silly addNameRange     '0.3.5',
264 silly addNameRange     '0.3.6',
264 silly addNameRange     '0.3.7',
264 silly addNameRange     '0.3.8',
264 silly addNameRange     '0.3.9',
264 silly addNameRange     '0.3.10',
264 silly addNameRange     '0.4.0',
264 silly addNameRange     '0.4.1',
264 silly addNameRange     '0.4.2',
264 silly addNameRange     '0.4.3',
264 silly addNameRange     '0.4.4' ] ]
265 silly addNamed memoizee@0.3.10
266 verbose addNamed "0.3.10" is a plain semver version for memoizee
267 verbose get https://registry.npmjs.org/timers-ext not expired, no request
268 silly addNameRange number 2 { name: 'timers-ext', range: '>=0.1.0 <0.2.0', hasData: true }
269 silly addNameRange versions [ 'timers-ext', [ '0.0.0', '0.1.0', '0.1.1', '0.1.2' ] ]
270 silly addNamed timers-ext@0.1.2
271 verbose addNamed "0.1.2" is a plain semver version for timers-ext
272 silly resolveWithNewModule es5-ext@0.10.15 checking installable status
273 silly cache add args [ 'es5-ext@^0.10.8', null ]
274 verbose cache add spec es5-ext@^0.10.8
275 silly cache add parsed spec Result {
275 silly cache add   raw: 'es5-ext@^0.10.8',
275 silly cache add   scope: null,
275 silly cache add   escapedName: 'es5-ext',
275 silly cache add   name: 'es5-ext',
275 silly cache add   rawSpec: '^0.10.8',
275 silly cache add   spec: '>=0.10.8 <0.11.0',
275 silly cache add   type: 'range' }
276 silly addNamed es5-ext@>=0.10.8 <0.11.0
277 verbose addNamed ">=0.10.8 <0.11.0" is a valid semver range for es5-ext
278 silly addNameRange { name: 'es5-ext', range: '>=0.10.8 <0.11.0', hasData: false }
279 silly mapToRegistry name es5-ext
280 silly mapToRegistry using default registry
281 silly mapToRegistry registry https://registry.npmjs.org/
282 silly mapToRegistry data Result {
282 silly mapToRegistry   raw: 'es5-ext',
282 silly mapToRegistry   scope: null,
282 silly mapToRegistry   escapedName: 'es5-ext',
282 silly mapToRegistry   name: 'es5-ext',
282 silly mapToRegistry   rawSpec: '',
282 silly mapToRegistry   spec: 'latest',
282 silly mapToRegistry   type: 'tag' }
283 silly mapToRegistry uri https://registry.npmjs.org/es5-ext
284 verbose addNameRange registry:https://registry.npmjs.org/es5-ext not in flight; fetching
285 silly cache afterAdd d@0.1.1
286 verbose afterAdd C:\Users\keff\AppData\Roaming\npm-cache\d\0.1.1\package\package.json not in flight; writing
287 verbose correctMkdir C:\Users\keff\AppData\Roaming\npm-cache correctMkdir not in flight; initializing
288 silly cache afterAdd es6-iterator@2.0.1
289 verbose afterAdd C:\Users\keff\AppData\Roaming\npm-cache\es6-iterator\2.0.1\package\package.json not in flight; writing
290 verbose correctMkdir C:\Users\keff\AppData\Roaming\npm-cache correctMkdir not in flight; initializing
291 verbose get https://registry.npmjs.org/es5-ext not expired, no request
292 silly addNameRange number 2 { name: 'es5-ext', range: '>=0.10.8 <0.11.0', hasData: true }
293 silly addNameRange versions [ 'es5-ext',
293 silly addNameRange   [ '0.1.0',
293 silly addNameRange     '0.2.0',
293 silly addNameRange     '0.2.1',
293 silly addNameRange     '0.3.0',
293 silly addNameRange     '0.4.0',
293 silly addNameRange     '0.5.0',
293 silly addNameRange     '0.5.1',
293 silly addNameRange     '0.6.0',
293 silly addNameRange     '0.6.1',
293 silly addNameRange     '0.6.2',
293 silly addNameRange     '0.6.3',
293 silly addNameRange     '0.7.0',
293 silly addNameRange     '0.7.1',
293 silly addNameRange     '0.8.0',
293 silly addNameRange     '0.8.1',
293 silly addNameRange     '0.8.2',
293 silly addNameRange     '0.9.0',
293 silly addNameRange     '0.9.1',
293 silly addNameRange     '0.9.2',
293 silly addNameRange     '0.10.1',
293 silly addNameRange     '0.10.2',
293 silly addNameRange     '0.10.3',
293 silly addNameRange     '0.10.4',
293 silly addNameRange     '0.10.5',
293 silly addNameRange     '0.10.6',
293 silly addNameRange     '0.10.7',
293 silly addNameRange     '0.10.8',
293 silly addNameRange     '0.10.9',
293 silly addNameRange     '0.10.10',
293 silly addNameRange     '0.10.11',
293 silly addNameRange     '0.10.12',
293 silly addNameRange     '0.10.13',
293 silly addNameRange     '0.10.14',
293 silly addNameRange     '0.10.15' ] ]
294 silly addNamed es5-ext@0.10.15
295 verbose addNamed "0.10.15" is a plain semver version for es5-ext
296 silly cache afterAdd memoizee@0.3.10
297 verbose afterAdd C:\Users\keff\AppData\Roaming\npm-cache\memoizee\0.3.10\package\package.json not in flight; writing
298 verbose correctMkdir C:\Users\keff\AppData\Roaming\npm-cache correctMkdir not in flight; initializing
299 verbose afterAdd C:\Users\keff\AppData\Roaming\npm-cache\d\0.1.1\package\package.json written
300 verbose afterAdd C:\Users\keff\AppData\Roaming\npm-cache\es6-iterator\2.0.1\package\package.json written
301 silly cache afterAdd ansi-regex@2.1.1
302 verbose afterAdd C:\Users\keff\AppData\Roaming\npm-cache\ansi-regex\2.1.1\package\package.json not in flight; writing
303 verbose correctMkdir C:\Users\keff\AppData\Roaming\npm-cache correctMkdir not in flight; initializing
304 silly cache afterAdd timers-ext@0.1.2
305 verbose afterAdd C:\Users\keff\AppData\Roaming\npm-cache\timers-ext\0.1.2\package\package.json not in flight; writing
306 verbose correctMkdir C:\Users\keff\AppData\Roaming\npm-cache correctMkdir not in flight; initializing
307 verbose afterAdd C:\Users\keff\AppData\Roaming\npm-cache\memoizee\0.3.10\package\package.json written
308 verbose afterAdd C:\Users\keff\AppData\Roaming\npm-cache\timers-ext\0.1.2\package\package.json written
309 verbose afterAdd C:\Users\keff\AppData\Roaming\npm-cache\ansi-regex\2.1.1\package\package.json written
310 silly cache afterAdd es5-ext@0.10.15
311 verbose afterAdd C:\Users\keff\AppData\Roaming\npm-cache\es5-ext\0.10.15\package\package.json not in flight; writing
312 verbose correctMkdir C:\Users\keff\AppData\Roaming\npm-cache correctMkdir not in flight; initializing
313 verbose afterAdd C:\Users\keff\AppData\Roaming\npm-cache\es5-ext\0.10.15\package\package.json written
314 silly fetchNamedPackageData es6-symbol
315 silly mapToRegistry name es6-symbol
316 silly mapToRegistry using default registry
317 silly mapToRegistry registry https://registry.npmjs.org/
318 silly mapToRegistry data Result {
318 silly mapToRegistry   raw: 'es6-symbol',
318 silly mapToRegistry   scope: null,
318 silly mapToRegistry   escapedName: 'es6-symbol',
318 silly mapToRegistry   name: 'es6-symbol',
318 silly mapToRegistry   rawSpec: '',
318 silly mapToRegistry   spec: 'latest',
318 silly mapToRegistry   type: 'tag' }
319 silly mapToRegistry uri https://registry.npmjs.org/es6-symbol
320 verbose request uri https://registry.npmjs.org/es6-symbol
321 verbose request no auth needed
322 info attempt registry request try #1 at 22:26:17
323 verbose etag W/"58c95859-44cd"
324 verbose lastModified Wed, 15 Mar 2017 15:06:01 GMT
325 http request GET https://registry.npmjs.org/es6-symbol
326 info retry will retry, error on last attempt: Error: getaddrinfo ENOTFOUND registry.npmjs.org registry.npmjs.org:443
327 info attempt registry request try #2 at 22:26:27
328 verbose etag W/"58c95859-44cd"
329 verbose lastModified Wed, 15 Mar 2017 15:06:01 GMT
330 http request GET https://registry.npmjs.org/es6-symbol
331 info retry will retry, error on last attempt: Error: getaddrinfo ENOTFOUND registry.npmjs.org registry.npmjs.org:443
332 info attempt registry request try #3 at 22:27:27
333 verbose etag W/"58c95859-44cd"
334 verbose lastModified Wed, 15 Mar 2017 15:06:01 GMT
335 http request GET https://registry.npmjs.org/es6-symbol
336 silly get cb [ 304, undefined ]
337 verbose etag https://registry.npmjs.org/es6-symbol from cache
338 verbose get saving es6-symbol to C:\Users\keff\AppData\Roaming\npm-cache\registry.npmjs.org\es6-symbol\.cache.json
339 verbose correctMkdir C:\Users\keff\AppData\Roaming\npm-cache correctMkdir not in flight; initializing
340 silly resolveWithNewModule es6-symbol@3.1.1 checking installable status
341 silly cache add args [ 'es6-symbol@~3.1', null ]
342 verbose cache add spec es6-symbol@~3.1
343 silly cache add parsed spec Result {
343 silly cache add   raw: 'es6-symbol@~3.1',
343 silly cache add   scope: null,
343 silly cache add   escapedName: 'es6-symbol',
343 silly cache add   name: 'es6-symbol',
343 silly cache add   rawSpec: '~3.1',
343 silly cache add   spec: '>=3.1.0 <3.2.0',
343 silly cache add   type: 'range' }
344 silly addNamed es6-symbol@>=3.1.0 <3.2.0
345 verbose addNamed ">=3.1.0 <3.2.0" is a valid semver range for es6-symbol
346 silly addNameRange { name: 'es6-symbol', range: '>=3.1.0 <3.2.0', hasData: false }
347 silly mapToRegistry name es6-symbol
348 silly mapToRegistry using default registry
349 silly mapToRegistry registry https://registry.npmjs.org/
350 silly mapToRegistry data Result {
350 silly mapToRegistry   raw: 'es6-symbol',
350 silly mapToRegistry   scope: null,
350 silly mapToRegistry   escapedName: 'es6-symbol',
350 silly mapToRegistry   name: 'es6-symbol',
350 silly mapToRegistry   rawSpec: '',
350 silly mapToRegistry   spec: 'latest',
350 silly mapToRegistry   type: 'tag' }
351 silly mapToRegistry uri https://registry.npmjs.org/es6-symbol
352 verbose addNameRange registry:https://registry.npmjs.org/es6-symbol not in flight; fetching
353 verbose get https://registry.npmjs.org/es6-symbol not expired, no request
354 silly addNameRange number 2 { name: 'es6-symbol', range: '>=3.1.0 <3.2.0', hasData: true }
355 silly addNameRange versions [ 'es6-symbol',
355 silly addNameRange   [ '0.0.0',
355 silly addNameRange     '0.1.0',
355 silly addNameRange     '0.1.1',
355 silly addNameRange     '1.0.0',
355 silly addNameRange     '2.0.0',
355 silly addNameRange     '2.0.1',
355 silly addNameRange     '3.0.0',
355 silly addNameRange     '3.0.1',
355 silly addNameRange     '3.0.2',
355 silly addNameRange     '3.1.0',
355 silly addNameRange     '3.1.1' ] ]
356 silly addNamed es6-symbol@3.1.1
357 verbose addNamed "3.1.1" is a plain semver version for es6-symbol
358 silly cache afterAdd es6-symbol@3.1.1
359 verbose afterAdd C:\Users\keff\AppData\Roaming\npm-cache\es6-symbol\3.1.1\package\package.json not in flight; writing
360 verbose correctMkdir C:\Users\keff\AppData\Roaming\npm-cache correctMkdir not in flight; initializing
361 verbose afterAdd C:\Users\keff\AppData\Roaming\npm-cache\es6-symbol\3.1.1\package\package.json written
362 silly fetchNamedPackageData d
363 silly mapToRegistry name d
364 silly mapToRegistry using default registry
365 silly mapToRegistry registry https://registry.npmjs.org/
366 silly mapToRegistry data Result {
366 silly mapToRegistry   raw: 'd',
366 silly mapToRegistry   scope: null,
366 silly mapToRegistry   escapedName: 'd',
366 silly mapToRegistry   name: 'd',
366 silly mapToRegistry   rawSpec: '',
366 silly mapToRegistry   spec: 'latest',
366 silly mapToRegistry   type: 'tag' }
367 silly mapToRegistry uri https://registry.npmjs.org/d
368 silly resolveWithNewModule d@1.0.0 checking installable status
369 silly cache add args [ 'd@1', null ]
370 verbose cache add spec d@1
371 silly cache add parsed spec Result {
371 silly cache add   raw: 'd@1',
371 silly cache add   scope: null,
371 silly cache add   escapedName: 'd',
371 silly cache add   name: 'd',
371 silly cache add   rawSpec: '1',
371 silly cache add   spec: '>=1.0.0 <2.0.0',
371 silly cache add   type: 'range' }
372 silly addNamed d@>=1.0.0 <2.0.0
373 verbose addNamed ">=1.0.0 <2.0.0" is a valid semver range for d
374 silly addNameRange { name: 'd', range: '>=1.0.0 <2.0.0', hasData: false }
375 silly mapToRegistry name d
376 silly mapToRegistry using default registry
377 silly mapToRegistry registry https://registry.npmjs.org/
378 silly mapToRegistry data Result {
378 silly mapToRegistry   raw: 'd',
378 silly mapToRegistry   scope: null,
378 silly mapToRegistry   escapedName: 'd',
378 silly mapToRegistry   name: 'd',
378 silly mapToRegistry   rawSpec: '',
378 silly mapToRegistry   spec: 'latest',
378 silly mapToRegistry   type: 'tag' }
379 silly mapToRegistry uri https://registry.npmjs.org/d
380 verbose addNameRange registry:https://registry.npmjs.org/d not in flight; fetching
381 verbose request uri https://registry.npmjs.org/d
382 verbose request no auth needed
383 info attempt registry request try #1 at 22:27:27
384 verbose etag W/"581204dc-1ac1"
385 verbose lastModified Thu, 27 Oct 2016 13:45:00 GMT
386 http request GET https://registry.npmjs.org/d
387 info retry will retry, error on last attempt: Error: getaddrinfo ENOTFOUND registry.npmjs.org registry.npmjs.org:443
388 info attempt registry request try #2 at 22:27:37
389 verbose etag W/"581204dc-1ac1"
390 verbose lastModified Thu, 27 Oct 2016 13:45:00 GMT
391 http request GET https://registry.npmjs.org/d
392 info retry will retry, error on last attempt: Error: getaddrinfo ENOTFOUND registry.npmjs.org registry.npmjs.org:443
393 info attempt registry request try #3 at 22:28:37
394 verbose etag W/"581204dc-1ac1"
395 verbose lastModified Thu, 27 Oct 2016 13:45:00 GMT
396 http request GET https://registry.npmjs.org/d
397 silly get cb [ 304, undefined ]
398 verbose etag https://registry.npmjs.org/d from cache
399 verbose get saving d to C:\Users\keff\AppData\Roaming\npm-cache\registry.npmjs.org\d\.cache.json
400 verbose correctMkdir C:\Users\keff\AppData\Roaming\npm-cache correctMkdir not in flight; initializing
401 silly addNameRange number 2 { name: 'd', range: '>=1.0.0 <2.0.0', hasData: true }
402 silly addNameRange versions [ 'd', [ '0.1.0', '0.1.1', '1.0.0' ] ]
403 silly addNamed d@1.0.0
404 verbose addNamed "1.0.0" is a plain semver version for d
405 silly cache afterAdd d@1.0.0
406 verbose afterAdd C:\Users\keff\AppData\Roaming\npm-cache\d\1.0.0\package\package.json not in flight; writing
407 verbose correctMkdir C:\Users\keff\AppData\Roaming\npm-cache correctMkdir not in flight; initializing
408 verbose afterAdd C:\Users\keff\AppData\Roaming\npm-cache\d\1.0.0\package\package.json written
409 silly fetchNamedPackageData d
410 silly mapToRegistry name d
411 silly mapToRegistry using default registry
412 silly mapToRegistry registry https://registry.npmjs.org/
413 silly mapToRegistry data Result {
413 silly mapToRegistry   raw: 'd',
413 silly mapToRegistry   scope: null,
413 silly mapToRegistry   escapedName: 'd',
413 silly mapToRegistry   name: 'd',
413 silly mapToRegistry   rawSpec: '',
413 silly mapToRegistry   spec: 'latest',
413 silly mapToRegistry   type: 'tag' }
414 silly mapToRegistry uri https://registry.npmjs.org/d
415 silly resolveWithNewModule d@1.0.0 checking installable status
416 silly cache add args [ 'd@1', null ]
417 verbose cache add spec d@1
418 silly cache add parsed spec Result {
418 silly cache add   raw: 'd@1',
418 silly cache add   scope: null,
418 silly cache add   escapedName: 'd',
418 silly cache add   name: 'd',
418 silly cache add   rawSpec: '1',
418 silly cache add   spec: '>=1.0.0 <2.0.0',
418 silly cache add   type: 'range' }
419 silly addNamed d@>=1.0.0 <2.0.0
420 verbose addNamed ">=1.0.0 <2.0.0" is a valid semver range for d
421 silly addNameRange { name: 'd', range: '>=1.0.0 <2.0.0', hasData: false }
422 silly mapToRegistry name d
423 silly mapToRegistry using default registry
424 silly mapToRegistry registry https://registry.npmjs.org/
425 silly mapToRegistry data Result {
425 silly mapToRegistry   raw: 'd',
425 silly mapToRegistry   scope: null,
425 silly mapToRegistry   escapedName: 'd',
425 silly mapToRegistry   name: 'd',
425 silly mapToRegistry   rawSpec: '',
425 silly mapToRegistry   spec: 'latest',
425 silly mapToRegistry   type: 'tag' }
426 silly mapToRegistry uri https://registry.npmjs.org/d
427 verbose addNameRange registry:https://registry.npmjs.org/d not in flight; fetching
428 verbose get https://registry.npmjs.org/d not expired, no request
429 silly addNameRange number 2 { name: 'd', range: '>=1.0.0 <2.0.0', hasData: true }
430 silly addNameRange versions [ 'd', [ '0.1.0', '0.1.1', '1.0.0' ] ]
431 silly addNamed d@1.0.0
432 verbose addNamed "1.0.0" is a plain semver version for d
433 silly cache afterAdd d@1.0.0
434 verbose afterAdd C:\Users\keff\AppData\Roaming\npm-cache\d\1.0.0\package\package.json not in flight; writing
435 verbose correctMkdir C:\Users\keff\AppData\Roaming\npm-cache correctMkdir not in flight; initializing
436 verbose afterAdd C:\Users\keff\AppData\Roaming\npm-cache\d\1.0.0\package\package.json written
437 silly fetchNamedPackageData es6-weak-map
438 silly mapToRegistry name es6-weak-map
439 silly mapToRegistry using default registry
440 silly mapToRegistry registry https://registry.npmjs.org/
441 silly mapToRegistry data Result {
441 silly mapToRegistry   raw: 'es6-weak-map',
441 silly mapToRegistry   scope: null,
441 silly mapToRegistry   escapedName: 'es6-weak-map',
441 silly mapToRegistry   name: 'es6-weak-map',
441 silly mapToRegistry   rawSpec: '',
441 silly mapToRegistry   spec: 'latest',
441 silly mapToRegistry   type: 'tag' }
442 silly mapToRegistry uri https://registry.npmjs.org/es6-weak-map
443 silly fetchNamedPackageData event-emitter
444 silly mapToRegistry name event-emitter
445 silly mapToRegistry using default registry
446 silly mapToRegistry registry https://registry.npmjs.org/
447 silly mapToRegistry data Result {
447 silly mapToRegistry   raw: 'event-emitter',
447 silly mapToRegistry   scope: null,
447 silly mapToRegistry   escapedName: 'event-emitter',
447 silly mapToRegistry   name: 'event-emitter',
447 silly mapToRegistry   rawSpec: '',
447 silly mapToRegistry   spec: 'latest',
447 silly mapToRegistry   type: 'tag' }
448 silly mapToRegistry uri https://registry.npmjs.org/event-emitter
449 silly fetchNamedPackageData lru-queue
450 silly mapToRegistry name lru-queue
451 silly mapToRegistry using default registry
452 silly mapToRegistry registry https://registry.npmjs.org/
453 silly mapToRegistry data Result {
453 silly mapToRegistry   raw: 'lru-queue',
453 silly mapToRegistry   scope: null,
453 silly mapToRegistry   escapedName: 'lru-queue',
453 silly mapToRegistry   name: 'lru-queue',
453 silly mapToRegistry   rawSpec: '',
453 silly mapToRegistry   spec: 'latest',
453 silly mapToRegistry   type: 'tag' }
454 silly mapToRegistry uri https://registry.npmjs.org/lru-queue
455 silly fetchNamedPackageData next-tick
456 silly mapToRegistry name next-tick
457 silly mapToRegistry using default registry
458 silly mapToRegistry registry https://registry.npmjs.org/
459 silly mapToRegistry data Result {
459 silly mapToRegistry   raw: 'next-tick',
459 silly mapToRegistry   scope: null,
459 silly mapToRegistry   escapedName: 'next-tick',
459 silly mapToRegistry   name: 'next-tick',
459 silly mapToRegistry   rawSpec: '',
459 silly mapToRegistry   spec: 'latest',
459 silly mapToRegistry   type: 'tag' }
460 silly mapToRegistry uri https://registry.npmjs.org/next-tick
461 verbose request uri https://registry.npmjs.org/es6-weak-map
462 verbose request no auth needed
463 info attempt registry request try #1 at 22:28:37
464 verbose etag W/"58e7b629-48fb"
465 verbose lastModified Fri, 07 Apr 2017 15:54:17 GMT
466 http request GET https://registry.npmjs.org/es6-weak-map
467 info retry will retry, error on last attempt: Error: getaddrinfo ENOTFOUND registry.npmjs.org registry.npmjs.org:443
468 verbose request uri https://registry.npmjs.org/lru-queue
469 verbose request no auth needed
470 info attempt registry request try #1 at 22:28:37
471 verbose etag W/"535c050c-d92"
472 verbose lastModified Sat, 26 Apr 2014 19:12:12 GMT
473 http request GET https://registry.npmjs.org/lru-queue
474 info retry will retry, error on last attempt: Error: getaddrinfo ENOTFOUND registry.npmjs.org registry.npmjs.org:443
475 verbose request uri https://registry.npmjs.org/next-tick
476 verbose request no auth needed
477 info attempt registry request try #1 at 22:28:37
478 verbose etag W/"58ae951e-1b7e"
479 verbose lastModified Thu, 23 Feb 2017 07:54:06 GMT
480 http request GET https://registry.npmjs.org/next-tick
481 info retry will retry, error on last attempt: Error: getaddrinfo ENOTFOUND registry.npmjs.org registry.npmjs.org:443
482 verbose request uri https://registry.npmjs.org/event-emitter
483 verbose request no auth needed
484 info attempt registry request try #1 at 22:28:37
485 verbose etag W/"58c95e3e-56e3"
486 verbose lastModified Wed, 15 Mar 2017 15:31:10 GMT
487 http request GET https://registry.npmjs.org/event-emitter
488 info retry will retry, error on last attempt: Error: getaddrinfo ENOTFOUND registry.npmjs.org registry.npmjs.org:443
489 info attempt registry request try #2 at 22:28:47
490 verbose etag W/"58e7b629-48fb"
491 verbose lastModified Fri, 07 Apr 2017 15:54:17 GMT
492 http request GET https://registry.npmjs.org/es6-weak-map
493 info retry will retry, error on last attempt: Error: getaddrinfo ENOTFOUND registry.npmjs.org registry.npmjs.org:443
494 info attempt registry request try #2 at 22:28:47
495 verbose etag W/"535c050c-d92"
496 verbose lastModified Sat, 26 Apr 2014 19:12:12 GMT
497 http request GET https://registry.npmjs.org/lru-queue
498 info retry will retry, error on last attempt: Error: getaddrinfo ENOTFOUND registry.npmjs.org registry.npmjs.org:443
499 info attempt registry request try #2 at 22:28:47
500 verbose etag W/"58ae951e-1b7e"
501 verbose lastModified Thu, 23 Feb 2017 07:54:06 GMT
502 http request GET https://registry.npmjs.org/next-tick
503 info retry will retry, error on last attempt: Error: getaddrinfo ENOTFOUND registry.npmjs.org registry.npmjs.org:443
504 info attempt registry request try #2 at 22:28:47
505 verbose etag W/"58c95e3e-56e3"
506 verbose lastModified Wed, 15 Mar 2017 15:31:10 GMT
507 http request GET https://registry.npmjs.org/event-emitter
508 info retry will retry, error on last attempt: Error: getaddrinfo ENOTFOUND registry.npmjs.org registry.npmjs.org:443
509 verbose stack Error: kill ENOSYS
509 verbose stack     at exports._errnoException (util.js:1026:11)
509 verbose stack     at process.kill (internal/process.js:172:13)
509 verbose stack     at process.listener (C:\Program Files\nodejs\node_modules\npm\node_modules\npmlog\node_modules\gauge\node_modules\signal-exit\index.js:86:15)
509 verbose stack     at emitNone (events.js:91:20)
509 verbose stack     at process.emit (events.js:185:7)
509 verbose stack     at processEmit (C:\Program Files\nodejs\node_modules\npm\node_modules\npmlog\node_modules\gauge\node_modules\signal-exit\index.js:146:32)
509 verbose stack     at processEmit (C:\Program Files\nodejs\node_modules\npm\node_modules\npm-registry-client\node_modules\npmlog\node_modules\gauge\node_modules\signal-exit\index.js:146:32)
509 verbose stack     at Signal.wrap.onsignal (internal/process.js:199:44)
510 verbose cwd C:\Users\keff\Desktop\cosas\Dev\RobotUnion\ralf-dev\robot-js-sdk
511 error Windows_NT 10.0.10586
512 error argv "C:\\Program Files\\nodejs\\node.exe" "C:\\Program Files\\nodejs\\node_modules\\npm\\bin\\npm-cli.js" "link"
513 error node v6.9.1
514 error npm  v3.10.8
515 error code ENOSYS
516 error errno ENOSYS
517 error syscall kill
518 error kill ENOSYS
519 error If you need help, you may report this error at:
519 error     <https://github.com/npm/npm/issues>
520 verbose exit [ 1, true ]
